<?xml version="1.0" encoding="UTF-8"?>
<!-- Generated by org.testng.reporters.JUnitReportReporter -->
<testsuite hostname="Suchismitas-MBP.attlocal.net" name="TestNG_Parallel.run_parallal_test" tests="2" failures="0" timestamp="13 Feb 2023 08:18:26 GMT" time="79.171" errors="0">
  <testcase name="test" time="41.830" classname="TestNG_Parallel.run_parallal_test"/>
  <testcase name="test" time="37.341" classname="TestNG_Parallel.run_parallal_test"/>
</testsuite> <!-- TestNG_Parallel.run_parallal_test -->
